\BOOKMARK [1][-]{section.1}{\376\377\121\231\127\050\122\115\227\142\377\032\116\072\116\300\116\110\211\201\120\132\116\000\116\052\040\034\133\211\227\131\040\035\166\204\116\247\124\301}{}% 1
\BOOKMARK [1][-]{section.2}{\376\377\152\041\127\127\116\000\377\032\165\050\142\067\155\036\133\337\116\016\225\356\230\230\133\232\116\111}{}% 2
\BOOKMARK [2][-]{subsection.2.1}{\376\377\166\356\150\007\165\050\142\067}{section.2}% 3
\BOOKMARK [2][-]{subsection.2.2}{\376\377\165\050\142\067\165\333\160\271}{section.2}% 4
\BOOKMARK [3][-]{subsubsection.2.2.1}{\376\377\165\333\160\271\116\000\377\032\133\146\165\037\140\363\165\050\227\363\116\120\214\003\202\202\162\266\140\001\377\014\117\106\040\034\220\011\153\114\040\035\147\054\216\253\116\137\147\011\142\020\147\054}{subsection.2.2}% 5
\BOOKMARK [3][-]{subsubsection.2.2.2}{\376\377\165\333\160\271\116\214\377\032\227\363\116\120\143\250\203\120\167\345\220\123\040\034\142\021\162\061\124\054\116\300\116\110\040\035\377\014\117\106\116\015\116\000\133\232\167\345\220\123\040\034\142\021\163\260\127\050\140\016\116\110\116\206\040\035}{subsection.2.2}% 6
\BOOKMARK [3][-]{subsubsection.2.2.3}{\376\377\165\333\160\271\116\011\377\032\146\156\220\032\144\255\145\076\126\150\177\072\134\021\226\152\117\064\141\037\377\014\000A\000I\000\040\200\112\131\051\123\310\133\271\146\023\201\061\171\273\227\363\116\120\225\355\163\257}{subsection.2.2}% 7
\BOOKMARK [2][-]{subsection.2.3}{\376\377\117\177\165\050\127\072\146\157}{section.2}% 8
\BOOKMARK [1][-]{section.3}{\376\377\152\041\127\127\116\214\377\032\116\247\124\301\145\271\150\110\213\276\213\241}{}% 9
\BOOKMARK [2][-]{subsection.3.1}{\376\377\116\247\124\301\151\202\217\360}{section.3}% 10
\BOOKMARK [2][-]{subsection.3.2}{\376\377\150\070\137\303\122\237\200\375}{section.3}% 11
\BOOKMARK [3][-]{subsubsection.3.2.1}{\376\377\227\363\116\120\165\073\120\317\377\032\213\251\160\177\160\177\146\364\141\302\142\021\166\204\227\363\116\120\124\301\124\163}{subsection.3.2}% 12
\BOOKMARK [3][-]{subsubsection.3.2.2}{\376\377\214\003\227\363\123\360\377\032\176\331\165\050\142\067\201\352\133\232\116\111\165\065\123\360\166\204\172\172\225\364}{subsection.3.2}% 13
\BOOKMARK [2][-]{subsection.3.3}{\376\377\116\247\124\301\147\266\147\204\116\016\122\237\200\375\126\376}{section.3}% 14
\BOOKMARK [2][-]{subsection.3.4}{\376\377\121\163\225\056\116\244\116\222\155\101\172\013}{section.3}% 15
\BOOKMARK [2][-]{subsection.3.5}{\376\377\122\033\145\260\116\016\135\356\137\002\123\026}{section.3}% 16
\BOOKMARK [1][-]{section.4}{\376\377\152\041\127\127\116\011\377\032\000A\000I\000\040\123\237\165\037\200\375\122\233\213\364\146\016}{}% 17
\BOOKMARK [2][-]{subsection.4.1}{\376\377\000A\000I\000\040\150\070\137\303\200\375\122\233}{section.4}% 18
\BOOKMARK [2][-]{subsection.4.2}{\376\377\000A\000I\000\040\131\202\117\125\211\343\121\263\165\333\160\271}{section.4}% 19
\BOOKMARK [3][-]{subsubsection.4.2.1}{\376\377\142\212\040\034\142\021\116\015\167\345\220\123\124\054\116\300\116\110\040\035\123\330\142\020\040\034\121\110\213\364\213\364\163\260\127\050\140\016\116\110\116\206\040\035}{subsection.4.2}% 20
\BOOKMARK [3][-]{subsubsection.4.2.2}{\376\377\142\212\143\250\203\120\164\006\165\061\213\364\121\372\147\145\377\014\226\115\117\116\220\011\142\351\142\020\147\054}{subsection.4.2}% 21
\BOOKMARK [3][-]{subsubsection.4.2.3}{\376\377\165\050\130\360\227\363\136\372\172\313\226\152\117\064\377\014\200\014\116\015\146\057\165\050\134\117\136\125\142\242\154\350\141\017\122\233}{subsection.4.2}% 22
\BOOKMARK [3][-]{subsubsection.4.2.4}{\376\377\213\251\123\315\231\210\167\037\153\143\145\071\123\330\116\013\116\000\153\041\117\123\232\214}{subsection.4.2}% 23
\BOOKMARK [3][-]{subsubsection.4.2.5}{\376\377\213\251\200\112\131\051\201\352\161\066\211\346\123\321\227\363\116\120\377\014\200\014\116\015\146\057\142\212\200\112\131\051\124\214\144\255\145\076\122\162\210\302\137\000}{subsection.4.2}% 24
\BOOKMARK [2][-]{subsection.4.3}{\376\377\000A\000I\000\040\142\200\147\057\145\271\150\110}{section.4}% 25
\BOOKMARK [2][-]{subsection.4.4}{\376\377\145\160\143\156\116\016\226\220\171\301\217\271\165\114}{section.4}% 26
\BOOKMARK [1][-]{section.5}{\376\377\152\041\127\127\126\333\377\032\204\075\127\060\123\357\210\114\140\047\116\016\125\106\116\032\123\026\140\035\200\003}{}% 27
\BOOKMARK [2][-]{subsection.5.1}{\376\377\204\075\127\060\123\357\210\114\140\047}{section.5}% 28
\BOOKMARK [3][-]{subsubsection.5.1.1}{\376\377\137\123\122\115\000\040\000D\000e\000m\000o\000\040\213\364\146\016}{subsection.5.1}% 29
\BOOKMARK [3][-]{subsubsection.5.1.2}{\376\377\000e\000x\000e\000\040\133\236\163\260\140\035\215\357}{subsection.5.1}% 30
\BOOKMARK [2][-]{subsection.5.2}{\376\377\116\072\116\300\116\110\211\201\116\016\000\040\000P\000C\000G\000\040\127\072\146\157\176\323\124\010}{section.5}% 31
\BOOKMARK [2][-]{subsection.5.3}{\376\377\125\106\116\032\123\026\140\035\200\003}{section.5}% 32
\BOOKMARK [2][-]{subsection.5.4}{\376\377\230\316\226\151\116\016\145\071\217\333\213\241\122\022}{section.5}% 33
\BOOKMARK [1][-]{section.6}{\376\377\176\323\213\355}{}% 34
